<?xml version="1.0" encoding="UTF-8"?>
<!-- Generated by org.testng.reporters.JUnitXMLReporter -->
<testsuite hostname="KeshavPC" ignored="0" name="Default test" tests="5" failures="0" timestamp="15 Apr 2018 05:24:55 GMT" time="38.8" errors="0">
  <testcase name="checkblanksubmit" time="12.33" classname="com.register.VerifyRegisterpage"/>
  <testcase name="checknamesubmit" time="4.54" classname="com.register.VerifyRegisterpage"/>
  <testcase name="checkcontactinfosubmit" time="7.338" classname="com.register.VerifyRegisterpage"/>
  <testcase name="checkmailinfosubmit" time="8.49" classname="com.register.VerifyRegisterpage"/>
  <testcase name="checkuserinfosubmit" time="6.046" classname="com.register.VerifyRegisterpage"/>
</testsuite> <!-- Default test -->
