<?xml version="1.0" encoding="UTF-8"?>
<testng-results skipped="0" failed="0" ignored="0" total="2" passed="2">
  <reporter-output>
  </reporter-output>
  <suite name="Default suite" duration-ms="110173" started-at="2018-04-22T16:05:16Z" finished-at="2018-04-22T16:07:07Z">
    <groups>
      <group name="cucumber">
        <method signature="AbstractTestNGCucumberTests.feature(cucumber.api.testng.CucumberFeatureWrapper)[pri:0, instance:runner.ProjectTestRunner@a74868d]" name="feature" class="cucumber.api.testng.AbstractTestNGCucumberTests"/>
      </group> <!-- cucumber -->
    </groups>
    <test name="Default test" duration-ms="110173" started-at="2018-04-22T16:05:16Z" finished-at="2018-04-22T16:07:07Z">
      <class name="runner.ProjectTestRunner">
        <test-method status="PASS" signature="setUpClass()[pri:0, instance:runner.ProjectTestRunner@a74868d]" name="setUpClass" is-config="true" duration-ms="586" started-at="2018-04-22T16:05:16Z" finished-at="2018-04-22T16:05:17Z">
          <reporter-output>
          </reporter-output>
        </test-method> <!-- setUpClass -->
        <test-method status="PASS" signature="feature(cucumber.api.testng.CucumberFeatureWrapper)[pri:0, instance:runner.ProjectTestRunner@a74868d]" name="feature" duration-ms="51430" started-at="2018-04-22T16:05:17Z" description="Runs Cucumber Feature" data-provider="features" finished-at="2018-04-22T16:06:09Z">
          <params>
            <param index="0">
              <value>
                <![CDATA[To Test the Signup Feature of Website]]>
              </value>
            </param>
          </params>
          <reporter-output>
          </reporter-output>
        </test-method> <!-- feature -->
        <test-method status="PASS" signature="feature(cucumber.api.testng.CucumberFeatureWrapper)[pri:0, instance:runner.ProjectTestRunner@a74868d]" name="feature" duration-ms="57079" started-at="2018-04-22T16:06:09Z" description="Runs Cucumber Feature" data-provider="features" finished-at="2018-04-22T16:07:06Z">
          <params>
            <param index="0">
              <value>
                <![CDATA[To Test the login functionality of website]]>
              </value>
            </param>
          </params>
          <reporter-output>
          </reporter-output>
        </test-method> <!-- feature -->
        <test-method status="PASS" signature="ReportSetUp()[pri:0, instance:runner.ProjectTestRunner@a74868d]" name="ReportSetUp" is-config="true" duration-ms="124" started-at="2018-04-22T16:07:06Z" finished-at="2018-04-22T16:07:06Z">
          <reporter-output>
          </reporter-output>
        </test-method> <!-- ReportSetUp -->
        <test-method status="PASS" signature="tearDownClass()[pri:0, instance:runner.ProjectTestRunner@a74868d]" name="tearDownClass" is-config="true" duration-ms="783" started-at="2018-04-22T16:07:06Z" finished-at="2018-04-22T16:07:07Z">
          <reporter-output>
          </reporter-output>
        </test-method> <!-- tearDownClass -->
      </class> <!-- runner.ProjectTestRunner -->
    </test> <!-- Default test -->
  </suite> <!-- Default suite -->
</testng-results>
