<?xml version="1.0" encoding="UTF-8"?>
<testng-results skipped="0" failed="0" ignored="0" total="2" passed="2">
  <reporter-output>
  </reporter-output>
  <suite name="Search TestSuite" duration-ms="5829" started-at="2020-09-30T19:22:20Z" finished-at="2020-09-30T19:22:25Z">
    <groups>
    </groups>
    <test name="search_TC1" duration-ms="5829" started-at="2020-09-30T19:22:20Z" finished-at="2020-09-30T19:22:25Z">
      <class name="com.parellelFramework.tests.LoginTest">
        <test-method status="PASS" signature="setTestParameters()[pri:0, instance:com.parellelFramework.tests.LoginTest@50c87b21]" name="setTestParameters" is-config="true" duration-ms="7" started-at="2020-09-30T19:22:20Z" finished-at="2020-09-30T19:22:20Z">
          <reporter-output>
          </reporter-output>
        </test-method> <!-- setTestParameters -->
        <test-method status="PASS" signature="prepareTest(java.lang.String)[pri:0, instance:com.parellelFramework.tests.LoginTest@50c87b21]" name="prepareTest" is-config="true" duration-ms="1860" started-at="2020-09-30T19:22:20Z" finished-at="2020-09-30T19:22:21Z">
          <params>
            <param index="0">
              <value>
                <![CDATA[chrome]]>
              </value>
            </param>
          </params>
          <reporter-output>
          </reporter-output>
        </test-method> <!-- prepareTest -->
        <test-method status="PASS" signature="DemoTest(java.lang.String, java.lang.String)[pri:0, instance:com.parellelFramework.tests.LoginTest@50c87b21]" name="DemoTest" duration-ms="2509" started-at="2020-09-30T19:22:21Z" data-provider="loginData" finished-at="2020-09-30T19:22:24Z">
          <params>
            <param index="0">
              <value>
                <![CDATA[User1]]>
              </value>
            </param>
            <param index="1">
              <value>
                <![CDATA[cGFzc3dvcmQx]]>
              </value>
            </param>
          </params>
          <reporter-output>
          </reporter-output>
        </test-method> <!-- DemoTest -->
        <test-method status="PASS" signature="DemoTest(java.lang.String, java.lang.String)[pri:0, instance:com.parellelFramework.tests.LoginTest@50c87b21]" name="DemoTest" duration-ms="1425" started-at="2020-09-30T19:22:24Z" data-provider="loginData" finished-at="2020-09-30T19:22:25Z">
          <params>
            <param index="0">
              <value>
                <![CDATA[User2]]>
              </value>
            </param>
            <param index="1">
              <value>
                <![CDATA[cGFzc3dvcmQyCg==]]>
              </value>
            </param>
          </params>
          <reporter-output>
          </reporter-output>
        </test-method> <!-- DemoTest -->
        <test-method status="PASS" signature="endTest()[pri:0, instance:com.parellelFramework.tests.LoginTest@50c87b21]" name="endTest" is-config="true" duration-ms="1" started-at="2020-09-30T19:22:25Z" finished-at="2020-09-30T19:22:25Z">
          <reporter-output>
          </reporter-output>
        </test-method> <!-- endTest -->
      </class> <!-- com.parellelFramework.tests.LoginTest -->
    </test> <!-- search_TC1 -->
  </suite> <!-- Search TestSuite -->
</testng-results>
