<?xml version="1.0" encoding="UTF-8"?>
<testsuite xmlns:xsi="http://www.w3.org/2001/XMLSchema-instance" xsi:noNamespaceSchemaLocation="https://maven.apache.org/surefire/maven-surefire-plugin/xsd/surefire-test-report-3.0.xsd" version="3.0" name="com.Guru99telecom.runners.TestRunner" time="11.578" tests="1" errors="0" skipped="0" failures="0">
  <properties>
[...]
</properties>
  <testcase name="runScenario[&quot;Validate links on homepage of website&quot;, &quot;Optional[To validate Homepage functionalities for Guru99 telecom website]&quot;](1)" classname="com.Guru99telecom.runners.TestRunner" time="10.662">
    <system-out><![CDATA[
@run
Scenario: Validate links on homepage of website                 # src/main/resources/featureFiles/HomePage.feature:9
[INFO ] 2020-10-01 01:05:43.492 [main] WebdriverSetup - New Chrome instance invoked
[INFO ] 2020-10-01 01:05:48.853 [main] WebdriverSetup - Website has been loaded
  Given User navigates to Guru99 telecom website                # com.Guru99telecom.stepDefs.Guru99_CommonStepdefs.user_navigates_to_guru99_telecom_website()
The page title verified is Guru99 Telecom
  Then User verifies the page title "Guru99 Telecom"            # com.Guru99telecom.stepDefs.Guru99_CommonStepdefs.user_verifies_the_page_title(java.lang.String)
[INFO ] 2020-10-01 01:05:50.346 [main] Homepage_PO - The homepage logo has been validated
  When User navigates to homepage of website                    # com.Guru99telecom.stepDefs.Guru99_HomepageStepdefs.user_navigates_to_homepage_of_website()
[INFO ] 2020-10-01 01:05:50.389 [main] Homepage_PO - Home page headingGuru99 telecomhas been validated
  And User validates the homepage main heading "Guru99 telecom" # com.Guru99telecom.stepDefs.Guru99_HomepageStepdefs.user_validates_the_homepage_main_heading(java.lang.String)
The count of elements found is 4
[INFO ] 2020-10-01 01:05:50.404 [main] Homepage_PO - The count of elements found is 4
  Then User verifies the count of homepage links                # com.Guru99telecom.stepDefs.Guru99_HomepageStepdefs.user_verifies_the_count_of_homepage_links()
[INFO ] 2020-10-01 01:05:50.450 [main] Homepage_PO - Element found and validated in list is Add Customer
[INFO ] 2020-10-01 01:05:50.463 [main] Homepage_PO - Element found and validated in list is Add Tariff Plan to Customer
[INFO ] 2020-10-01 01:05:50.483 [main] Homepage_PO - Element found and validated in list is Add Tariff Plan
[INFO ] 2020-10-01 01:05:50.504 [main] Homepage_PO - Element found and validated in list is Pay Billing
  And User validates all links text on homepage                 # com.Guru99telecom.stepDefs.Guru99_HomepageStepdefs.user_validates_all_links_text_on_homepage(java.util.List<java.lang.String>)

    Scenario Validate links on homepage of websitehas been passed


    Embedding Validate links on homepage of website [image/png 425150 bytes]

[INFO ] 2020-10-01 01:05:51.830 [main] Homepage_PO - Webdriver session terminated
]]></system-out>
    <system-err><![CDATA[SLF4J: Failed to load class "org.slf4j.impl.StaticLoggerBinder".
SLF4J: Defaulting to no-operation (NOP) logger implementation
SLF4J: See http://www.slf4j.org/codes.html#StaticLoggerBinder for further details.
Starting ChromeDriver 85.0.4183.87 (cd6713ebf92fa1cacc0f1a598df280093af0c5d7-refs/branch-heads/4183@{#1689}) on port 42971
Only local connections are allowed.
Please see https://chromedriver.chromium.org/security-considerations for suggestions on keeping ChromeDriver safe.
ChromeDriver was started successfully.
Oct 01, 2020 1:05:43 AM org.openqa.selenium.remote.ProtocolHandshake createSession
INFO: Detected dialect: W3C
]]></system-err>
  </testcase>
</testsuite>