<?xml version="1.0" encoding="UTF-8"?>
<testsuite xmlns:xsi="http://www.w3.org/2001/XMLSchema-instance" xsi:noNamespaceSchemaLocation="https://maven.apache.org/surefire/maven-surefire-plugin/xsd/surefire-test-report-3.0.xsd" version="3.0" name="TestSuite" time="26.041" tests="2" errors="0" skipped="0" failures="0">
  <properties>
[...]
</properties>
  <testcase name="searchtext[Chinnaswamy, Cubbon Road, Shivaji Nagar, Bengaluru, Karnataka](1)" classname="com.Hybrid_framework.Testcases.LoginTest" time="6.228">
    <system-out><![CDATA[Browser instance created
Firefox instance initialized
Chinnaswamy | Cubbon Road, Shivaji Nagar, Bengaluru, Karnataka | 
Ekana | Amar Shaheed Path, Lucknow, Uttar Pradesh | 
 INFO 2020-08-31 23:03:38,536 LoginPage.java [main] Hybrid_framework.Pages.LoginPage:30 - The search text Chinnaswamy has been entered
 INFO 2020-08-31 23:03:44,257 LoginPage.java [main] Hybrid_framework.Pages.LoginPage:35 - The search text has been cleared
]]></system-out>
    <system-err><![CDATA[SLF4J: Failed to load class "org.slf4j.impl.StaticLoggerBinder".
SLF4J: Defaulting to no-operation (NOP) logger implementation
SLF4J: See http://www.slf4j.org/codes.html#StaticLoggerBinder for further details.
Aug 31, 2020 11:03:30 PM org.openqa.selenium.remote.ProtocolHandshake createSession
INFO: Detected dialect: W3C
]]></system-err>
  </testcase>
  <testcase name="searchtext[Ekana, Amar Shaheed Path, Lucknow, Uttar Pradesh](2)" classname="com.Hybrid_framework.Testcases.LoginTest" time="5.85">
    <system-out><![CDATA[ INFO 2020-08-31 23:03:44,387 Baseclass.java [main] Hybrid_framework.BaseSetup.Baseclass:87 - The test case passed is searchtext
 INFO 2020-08-31 23:03:44,490 LoginPage.java [main] Hybrid_framework.Pages.LoginPage:30 - The search text Ekana has been entered
 INFO 2020-08-31 23:03:50,123 LoginPage.java [main] Hybrid_framework.Pages.LoginPage:35 - The search text has been cleared
]]></system-out>
  </testcase>
</testsuite>