<?xml version="1.0" encoding="UTF-8"?>
<testsuite xmlns:xsi="http://www.w3.org/2001/XMLSchema-instance" xsi:noNamespaceSchemaLocation="https://maven.apache.org/surefire/maven-surefire-plugin/xsd/surefire-test-report-3.0.xsd" version="3.0" name="com.framework.runners.ProjectRunner" time="16.484" tests="1" errors="0" skipped="0" failures="1">
  <properties>
[...]
</properties>
  <testcase name="runScenario[&quot;To test search functionality with blank submit&quot;, &quot;Optional[To test the Search feature of application]&quot;](1)" classname="com.framework.runners.ProjectRunner" time="15.479">
    <failure message="expected [true] but found [false]" type="java.lang.AssertionError"><![CDATA[java.lang.AssertionError: expected [true] but found [false]
]]></failure>
    <system-out><![CDATA[
@run
Scenario: To test search functionality with blank submit                           # src/test/java/com/framework/features/Home.feature:7
[INFO ] 2020-10-01 00:07:43.934 [main] BaseSetup - New Webdriver instance invoked
[INFO ] 2020-10-01 00:07:45.386 [main] BaseSetup - Chrome browser instance launched successfully
  When user opens browser and navigates to test url                                # com.framework.stepDef.Common_stepDef.user_opens_browser_and_navigates_to_test_url()
The page title verified is My Store
[DEBUG] 2020-10-01 00:07:54.754 [main] HomePage_PF - Banner on homepage of website has been validated.
  Given user should be on home page                                                # com.framework.stepDef.Home_stepDef.user_should_be_on_home_page()
[DEBUG] 2020-10-01 00:07:54.789 [main] HomePage_PF - Search field on homepage has been validated.
  And search textfield should be visible                                           # com.framework.stepDef.Home_stepDef.search_textfield_should_be_visible()
[DEBUG] 2020-10-01 00:07:57.717 [main] HomePage_PF - Search icon has been clicked.
  When user clicks on search button                                                # com.framework.stepDef.Home_stepDef.user_clicks_on_search_button()
[DEBUG] 2020-10-01 00:07:57.769 [main] ProductList_PF - The validation message validated is Please enter a search keyword
  Then user should be displayed validation message "Please enter a search keyword" # com.framework.stepDef.ProductList_stepDef.user_should_be_displayed_validation_message(java.lang.String)
      java.lang.AssertionError: expected [true] but found [false]
	at org.testng.Assert.fail(Assert.java:96)
	at org.testng.Assert.failNotEquals(Assert.java:776)
	at org.testng.Assert.assertTrue(Assert.java:44)
	at org.testng.Assert.assertTrue(Assert.java:54)
	at com.framework.stepDef.ProductList_stepDef.user_should_be_displayed_validation_message(ProductList_stepDef.java:14)
	at ���.user should be displayed validation message "Please enter a search keyword"(file:///Users/keshavmac/IdeaProjects/com.CucumberHybrid/src/test/java/com/framework/features/Home.feature:11)


    Scenario To test search functionality with blank submit has been failed


    Embedding To test search functionality with blank submit [image/png 367133 bytes]

[INFO ] 2020-10-01 00:07:58.863 [main] ProductList_PF - Webdriver instance has been closed
]]></system-out>
    <system-err><![CDATA[SLF4J: Failed to load class "org.slf4j.impl.StaticLoggerBinder".
SLF4J: Defaulting to no-operation (NOP) logger implementation
SLF4J: See http://www.slf4j.org/codes.html#StaticLoggerBinder for further details.
Starting ChromeDriver 85.0.4183.87 (cd6713ebf92fa1cacc0f1a598df280093af0c5d7-refs/branch-heads/4183@{#1689}) on port 6006
Only local connections are allowed.
Please see https://chromedriver.chromium.org/security-considerations for suggestions on keeping ChromeDriver safe.
ChromeDriver was started successfully.
Oct 01, 2020 12:07:45 AM org.openqa.selenium.remote.ProtocolHandshake createSession
INFO: Detected dialect: W3C
]]></system-err>
  </testcase>
</testsuite>