<?xml version="1.0" encoding="UTF-8"?>
<testng-results skipped="0" failed="0" ignored="0" total="2" passed="2">
  <reporter-output>
  </reporter-output>
  <suite name="Default suite" duration-ms="23801" started-at="2020-06-10T12:21:22Z" finished-at="2020-06-10T12:21:46Z">
    <groups>
    </groups>
    <test name="Default test" duration-ms="23801" started-at="2020-06-10T12:21:22Z" finished-at="2020-06-10T12:21:46Z">
      <class name="com.Hybrid_framework.Testcases.LoginTest">
        <test-method status="PASS" signature="setReport()[pri:0, instance:com.Hybrid_framework.Testcases.LoginTest@13805618]" name="setReport" is-config="true" duration-ms="285" started-at="2020-06-10T12:21:22Z" finished-at="2020-06-10T12:21:22Z">
          <reporter-output>
          </reporter-output>
        </test-method> <!-- setReport -->
        <test-method status="PASS" signature="setupEnv()[pri:0, instance:com.Hybrid_framework.Testcases.LoginTest@13805618]" name="setupEnv" is-config="true" duration-ms="7503" started-at="2020-06-10T12:21:22Z" finished-at="2020-06-10T12:21:30Z">
          <reporter-output>
          </reporter-output>
        </test-method> <!-- setupEnv -->
        <test-method status="PASS" signature="searchtext(java.lang.String, java.lang.String)[pri:0, instance:com.Hybrid_framework.Testcases.LoginTest@13805618]" name="searchtext" duration-ms="7960" started-at="2020-06-10T12:21:31Z" data-provider="PlacesData" finished-at="2020-06-10T12:21:39Z">
          <params>
            <param index="0">
              <value>
                <![CDATA[Chinnaswamy]]>
              </value>
            </param>
            <param index="1">
              <value>
                <![CDATA[Cubbon Road, Shivaji Nagar, Bengaluru, Karnataka]]>
              </value>
            </param>
          </params>
          <reporter-output>
          </reporter-output>
        </test-method> <!-- searchtext -->
        <test-method status="PASS" signature="evaluateStatus(org.testng.ITestResult)[pri:0, instance:com.Hybrid_framework.Testcases.LoginTest@13805618]" name="evaluateStatus" is-config="true" duration-ms="2" started-at="2020-06-10T12:21:39Z" finished-at="2020-06-10T12:21:39Z">
          <params>
            <param index="0">
              <value>
                <![CDATA[[TestResult name=searchtext status=SUCCESS method=LoginTest.searchtext(java.lang.String, java.lang.String)[pri:0, instance:com.Hybrid_framework.Testcases.LoginTest@13805618] output={null}]]]>
              </value>
            </param>
          </params>
          <reporter-output>
          </reporter-output>
        </test-method> <!-- evaluateStatus -->
        <test-method status="PASS" signature="searchtext(java.lang.String, java.lang.String)[pri:0, instance:com.Hybrid_framework.Testcases.LoginTest@13805618]" name="searchtext" duration-ms="6480" started-at="2020-06-10T12:21:39Z" data-provider="PlacesData" finished-at="2020-06-10T12:21:45Z">
          <params>
            <param index="0">
              <value>
                <![CDATA[Ekana]]>
              </value>
            </param>
            <param index="1">
              <value>
                <![CDATA[Amar Shaheed Path, Lucknow, Uttar Pradesh]]>
              </value>
            </param>
          </params>
          <reporter-output>
          </reporter-output>
        </test-method> <!-- searchtext -->
        <test-method status="PASS" signature="evaluateStatus(org.testng.ITestResult)[pri:0, instance:com.Hybrid_framework.Testcases.LoginTest@13805618]" name="evaluateStatus" is-config="true" duration-ms="2" started-at="2020-06-10T12:21:45Z" finished-at="2020-06-10T12:21:45Z">
          <params>
            <param index="0">
              <value>
                <![CDATA[[TestResult name=searchtext status=SUCCESS method=LoginTest.searchtext(java.lang.String, java.lang.String)[pri:0, instance:com.Hybrid_framework.Testcases.LoginTest@13805618] output={null}]]]>
              </value>
            </param>
          </params>
          <reporter-output>
          </reporter-output>
        </test-method> <!-- evaluateStatus -->
        <test-method status="PASS" signature="closeEnv()[pri:0, instance:com.Hybrid_framework.Testcases.LoginTest@13805618]" name="closeEnv" is-config="true" duration-ms="751" started-at="2020-06-10T12:21:45Z" finished-at="2020-06-10T12:21:46Z">
          <reporter-output>
          </reporter-output>
        </test-method> <!-- closeEnv -->
        <test-method status="PASS" signature="endReport()[pri:0, instance:com.Hybrid_framework.Testcases.LoginTest@13805618]" name="endReport" is-config="true" duration-ms="270" started-at="2020-06-10T12:21:46Z" finished-at="2020-06-10T12:21:46Z">
          <reporter-output>
          </reporter-output>
        </test-method> <!-- endReport -->
      </class> <!-- com.Hybrid_framework.Testcases.LoginTest -->
    </test> <!-- Default test -->
  </suite> <!-- Default suite -->
</testng-results>
